Flutter crash report; please file at https://github.com/flutter/flutter/issues.

## command

flutter run

## exception

String: Exit code -6 from: /Users/anil/dev/code/flutter_firebase_redux_sync/android/gradlew -v:
1

```
#0      runCheckedAsync (package:flutter_tools/src/base/process.dart:249)
<asynchronous suspension>
#1      _initializeGradle (package:flutter_tools/src/android/gradle.dart:180)
<asynchronous suspension>
#2      _ensureGradle (package:flutter_tools/src/android/gradle.dart:162)
<asynchronous suspension>
#3      _readGradleProject (package:flutter_tools/src/android/gradle.dart:97)
<asynchronous suspension>
#4      _gradleProject (package:flutter_tools/src/android/gradle.dart:90)
<asynchronous suspension>
#5      getGradleAppOut (package:flutter_tools/src/android/gradle.dart:84)
<asynchronous suspension>
#6      AndroidApk.fromCurrentDirectory (package:flutter_tools/src/application_package.dart:88)
<asynchronous suspension>
#7      getApplicationPackageForPlatform (package:flutter_tools/src/application_package.dart:272)
<asynchronous suspension>
#8      FlutterDevice.runHot (package:flutter_tools/src/resident_runner.dart:269)
<asynchronous suspension>
#9      HotRunner.run (package:flutter_tools/src/run_hot.dart:216)
<asynchronous suspension>
#10     RunCommand.runCommand (package:flutter_tools/src/commands/run.dart:395)
<asynchronous suspension>
#11     FlutterCommand.verifyThenRunCommand (package:flutter_tools/src/runner/flutter_command.dart:344)
<asynchronous suspension>
#12     FlutterCommand.run.<anonymous closure> (package:flutter_tools/src/runner/flutter_command.dart:279)
<asynchronous suspension>
#13     AppContext.run.<anonymous closure> (package:flutter_tools/src/base/context.dart:142)
<asynchronous suspension>
#14     _rootRun (dart:async/zone.dart:1126)
#15     _CustomZone.run (dart:async/zone.dart:1023)
#16     runZoned (dart:async/zone.dart:1501)
#17     AppContext.run (package:flutter_tools/src/base/context.dart:141)
<asynchronous suspension>
#18     FlutterCommand.run (package:flutter_tools/src/runner/flutter_command.dart:270)
#19     CommandRunner.runCommand (package:args/command_runner.dart:194)
<asynchronous suspension>
#20     FlutterCommandRunner.runCommand.<anonymous closure> (package:flutter_tools/src/runner/flutter_command_runner.dart:309)
<asynchronous suspension>
#21     AppContext.run.<anonymous closure> (package:flutter_tools/src/base/context.dart:142)
<asynchronous suspension>
#22     _rootRun (dart:async/zone.dart:1126)
#23     _CustomZone.run (dart:async/zone.dart:1023)
#24     runZoned (dart:async/zone.dart:1501)
#25     AppContext.run (package:flutter_tools/src/base/context.dart:141)
<asynchronous suspension>
#26     FlutterCommandRunner.runCommand (package:flutter_tools/src/runner/flutter_command_runner.dart:265)
<asynchronous suspension>
#27     CommandRunner.run.<anonymous closure> (package:args/command_runner.dart:109)
#28     new Future.sync (dart:async/future.dart:222)
#29     CommandRunner.run (package:args/command_runner.dart:109)
#30     FlutterCommandRunner.run (package:flutter_tools/src/runner/flutter_command_runner.dart:174)
#31     run.<anonymous closure> (package:flutter_tools/runner.dart:59)
<asynchronous suspension>
#32     AppContext.run.<anonymous closure> (package:flutter_tools/src/base/context.dart:142)
<asynchronous suspension>
#33     _rootRun (dart:async/zone.dart:1126)
#34     _CustomZone.run (dart:async/zone.dart:1023)
#35     runZoned (dart:async/zone.dart:1501)
#36     AppContext.run (package:flutter_tools/src/base/context.dart:141)
<asynchronous suspension>
#37     runInContext (package:flutter_tools/src/context_runner.dart:43)
<asynchronous suspension>
#38     run (package:flutter_tools/runner.dart:50)
#39     main (package:flutter_tools/executable.dart:49)
<asynchronous suspension>
#40     main (file:///b/build/slave/Mac_Flutter_Packaging/build/archive/flutter/packages/flutter_tools/bin/flutter_tools.dart:8)
#41     _startIsolate.<anonymous closure> (dart:isolate-patch/dart:isolate/isolate_patch.dart:277)
#42     _RawReceivePortImpl._handleMessage (dart:isolate-patch/dart:isolate/isolate_patch.dart:165)
```

## flutter doctor

```
[✓] Flutter (Channel beta, v0.5.1, on Mac OS X 10.13.2 17C88, locale en-IN)
    • Flutter version 0.5.1 at /Users/anil/dev/flutter
    • Framework revision c7ea3ca377 (9 weeks ago), 2018-05-29 21:07:33 +0200
    • Engine revision 1ed25ca7b7
    • Dart version 2.0.0-dev.58.0.flutter-f981f09760

[✓] Android toolchain - develop for Android devices (Android SDK 28.0.1)
    • Android SDK at /Users/anil/Library/Android/sdk
    • Android NDK location not configured (optional; useful for native profiling support)
    • Platform android-28, build-tools 28.0.1
    • Java binary at: /Applications/Android Studio.app/Contents/jre/jdk/Contents/Home/bin/java
    • Java version OpenJDK Runtime Environment (build 1.8.0_152-release-1024-b01)
    • All Android licenses accepted.

[!] iOS toolchain - develop for iOS devices
    ✗ Xcode installation is incomplete; a full installation is necessary for iOS development.
      Download at: https://developer.apple.com/xcode/download/
      Or install Xcode via the App Store.
      Once installed, run:
        sudo xcode-select --switch /Applications/Xcode.app/Contents/Developer
    ✗ Missing Xcode dependency: Python module "six".
      Install via 'pip install six' or 'sudo easy_install six'.
    ✗ libimobiledevice and ideviceinstaller are not installed. To install, run:
        brew install --HEAD libimobiledevice
        brew install ideviceinstaller
    ✗ ios-deploy not installed. To install:
        brew install ios-deploy
    ✗ CocoaPods not installed.
        CocoaPods is used to retrieve the iOS platform side's plugin code that responds to your plugin usage on the Dart side.
        Without resolving iOS dependencies with CocoaPods, plugins will not work on iOS.
        For more info, see https://flutter.io/platform-plugins
      To install:
        brew install cocoapods
        pod setup

[✓] Android Studio (version 3.1)
    • Android Studio at /Applications/Android Studio.app/Contents
    • Flutter plugin version 26.0.1
    • Dart plugin version 173.4700
    • Java version OpenJDK Runtime Environment (build 1.8.0_152-release-1024-b01)

[!] VS Code (version 1.25.1)
    • VS Code at /Applications/Visual Studio Code.app/Contents
    • Flutter extension not installed; install from
      https://marketplace.visualstudio.com/items?itemName=Dart-Code.flutter

[✓] Connected devices (1 available)
    • Android SDK built for x86 • emulator-5554 • android-x86 • Android 9 (API 28) (emulator)

! Doctor found issues in 2 categories.
```
